<?xml version="1.0" encoding="UTF-8"?>
<testsuite name="com.sparkedember.ankotocompose.ToolbarLayoutTest" tests="2" skipped="0" failures="0" errors="0" timestamp="2025-07-12T19:30:33.042Z" hostname="Kevins-MBP-3" time="0.313">
  <properties/>
  <testcase name="testNestedLayoutWithFrameLayout()" classname="com.sparkedember.ankotocompose.ToolbarLayoutTest" time="0.308"/>
  <testcase name="testSimpleNestedLayout()" classname="com.sparkedember.ankotocompose.ToolbarLayoutTest" time="0.004"/>
  <system-out><![CDATA[Result code: Column {
    Column {
    Text("Title")
    Text("Subtitle")
}
    Box {
    // Empty layout
}
}
Strategy: AST_PARSING
Result code: Column {
    Text("Title")
    Text("Subtitle")
}
Strategy: AST_PARSING
Warnings: []
]]></system-out>
  <system-err><![CDATA[]]></system-err>
</testsuite>
